DISSOLVE_GENOME: GENOME color__GB0_tempName GENOME color__GB1_tempName GENOME color__GB2_tempName GENOME color__GB3_tempName GENOME color__GB4_tempName GENOME color__GB5_tempName GENOME color__GB6_tempName GENOME color__GB7_tempName GENOME video__GC0_tempName GENOME video__GC0 GENOME color__GB0 GENOME color__GB1 GENOME color__GB2 GENOME color__GB3 GENOME color__GB4 GENOME color__GB5 GENOME color__GB6 GENOME color__GB7
INST color__GB3 PIN 15: INST NON_GENOME PIN -1 GENOME color__GB3 PIN 15
GENOME color__GB3 PIN 15: INST color__GB3 PIN 15
INST video__GC0 PIN 8: GENOME video__GC0 PIN 8
GENOME video__GC0 PIN 8: INST video__GC0 PIN 8
INST video__GC0 PIN 9: GENOME video__GC0 PIN 9
GENOME video__GC0 PIN 9: INST video__GC0 PIN 9
INST video__GC0 PIN 10: GENOME video__GC0 PIN 10
GENOME video__GC0 PIN 10: INST video__GC0 PIN 10
INST video__GC0 PIN 11: GENOME video__GC0 PIN 11
GENOME video__GC0 PIN 11: INST video__GC0 PIN 11
INST video__GC0 PIN 17: GENOME video__GC0 PIN 17
GENOME video__GC0 PIN 17: INST video__GC0 PIN 17
INST video__GC0 PIN 18: GENOME video__GC0 PIN 18
GENOME video__GC0 PIN 18: INST video__GC0 PIN 18
INST video__GC0 PIN 19: GENOME video__GC0 PIN 19
GENOME video__GC0 PIN 19: INST video__GC0 PIN 19
INST video__GC0 PIN 20: GENOME video__GC0 PIN 20
GENOME video__GC0 PIN 20: INST video__GC0 PIN 20
INST video__GC0 PIN 36: GENOME video__GC0 PIN 36
GENOME video__GC0 PIN 36: INST video__GC0 PIN 36
INST video__GC0 PIN 35: GENOME video__GC0 PIN 35
GENOME video__GC0 PIN 35: INST video__GC0 PIN 35
INST video__GC0 PIN 37: GENOME video__GC0 PIN 37
GENOME video__GC0 PIN 37: INST video__GC0 PIN 37
INST video__GC0 PIN 38: GENOME video__GC0 PIN 38
GENOME video__GC0 PIN 38: INST video__GC0 PIN 38
INST video__GC0 PIN 39: GENOME video__GC0 PIN 39
GENOME video__GC0 PIN 39: INST video__GC0 PIN 39
INST video__GC0 PIN 40: GENOME video__GC0 PIN 40
GENOME video__GC0 PIN 40: INST video__GC0 PIN 40
INST video__GC0 PIN 41: GENOME video__GC0 PIN 41
GENOME video__GC0 PIN 41: INST video__GC0 PIN 41
INST video__GC0 PIN 42: GENOME video__GC0 PIN 42
GENOME video__GC0 PIN 42: INST video__GC0 PIN 42
INST video__GC0 PIN 43: GENOME video__GC0 PIN 43
GENOME video__GC0 PIN 43: INST video__GC0 PIN 43
INST video__GC0 PIN 44: GENOME video__GC0 PIN 44
GENOME video__GC0 PIN 44: INST video__GC0 PIN 44
INST video__GC0 PIN 45: GENOME video__GC0 PIN 45
GENOME video__GC0 PIN 45: INST video__GC0 PIN 45
INST video__GC0 PIN 46: GENOME video__GC0 PIN 46
GENOME video__GC0 PIN 46: INST video__GC0 PIN 46
INST video__GC0 PIN 22: INST video__GC0 PIN 23 INST NON_GENOME PIN -1 INST video__GC0 PIN 24 INST video__GC0 PIN 25 INST video__GC0 PIN 26 INST video__GC0 PIN 27 INST video__GC0 PIN 28 INST video__GC0 PIN 29 INST video__GC0 PIN 30 INST video__GC0 PIN 31 INST video__GC0 PIN 32 INST video__GC0 PIN 33 GENOME video__GC0 PIN 22
INST video__GC0 PIN 23: INST video__GC0 PIN 22 GENOME video__GC0 PIN 23
INST video__GC0 PIN 24: INST video__GC0 PIN 22 GENOME video__GC0 PIN 24
INST video__GC0 PIN 25: INST video__GC0 PIN 22 GENOME video__GC0 PIN 25
INST video__GC0 PIN 26: INST video__GC0 PIN 22 GENOME video__GC0 PIN 26
INST video__GC0 PIN 27: INST video__GC0 PIN 22 GENOME video__GC0 PIN 27
INST video__GC0 PIN 28: INST video__GC0 PIN 22 GENOME video__GC0 PIN 28
INST video__GC0 PIN 29: INST video__GC0 PIN 22 GENOME video__GC0 PIN 29
INST video__GC0 PIN 30: INST video__GC0 PIN 22 GENOME video__GC0 PIN 30
INST video__GC0 PIN 31: INST video__GC0 PIN 22 GENOME video__GC0 PIN 31
INST video__GC0 PIN 32: INST video__GC0 PIN 22 GENOME video__GC0 PIN 32
INST video__GC0 PIN 33: INST video__GC0 PIN 22 GENOME video__GC0 PIN 33
GENOME video__GC0 PIN 22: INST video__GC0 PIN 22
GENOME video__GC0 PIN 23: INST video__GC0 PIN 23
GENOME video__GC0 PIN 24: INST video__GC0 PIN 24
GENOME video__GC0 PIN 25: INST video__GC0 PIN 25
GENOME video__GC0 PIN 26: INST video__GC0 PIN 26
GENOME video__GC0 PIN 27: INST video__GC0 PIN 27
GENOME video__GC0 PIN 28: INST video__GC0 PIN 28
GENOME video__GC0 PIN 29: INST video__GC0 PIN 29
GENOME video__GC0 PIN 30: INST video__GC0 PIN 30
GENOME video__GC0 PIN 31: INST video__GC0 PIN 31
GENOME video__GC0 PIN 32: INST video__GC0 PIN 32
GENOME video__GC0 PIN 33: INST video__GC0 PIN 33
