Copyright 1986-2022 Xilinx, Inc. All Rights Reserved. Copyright 2022-2023 Advanced Micro Devices, Inc. All Rights Reserved.
-----------------------------------------------------------------------------------------------------------------------------------------------------------------------------------------------
| Tool Version : Vivado v.2023.1 (win64) Build 3865809 Sun May  7 15:05:29 MDT 2023
| Date         : Tue May 30 18:08:19 2023
| Host         : LAPTOP-M3ON6P54 running 64-bit major release  (build 9200)
| Command      : report_timing_summary -max_paths 10 -file soundtop_timing_summary_routed.rpt -pb soundtop_timing_summary_routed.pb -rpx soundtop_timing_summary_routed.rpx -warn_on_violation
| Design       : soundtop
| Device       : 7a35t-cpg236
| Speed File   : -1  PRODUCTION 1.23 2018-06-13
| Design State : Routed
-----------------------------------------------------------------------------------------------------------------------------------------------------------------------------------------------

Timing Summary Report

------------------------------------------------------------------------------------------------
| Timer Settings
| --------------
------------------------------------------------------------------------------------------------

  Enable Multi Corner Analysis               :  Yes
  Enable Pessimism Removal                   :  Yes
  Pessimism Removal Resolution               :  Nearest Common Node
  Enable Input Delay Default Clock           :  No
  Enable Preset / Clear Arcs                 :  No
  Disable Flight Delays                      :  No
  Ignore I/O Paths                           :  No
  Timing Early Launch at Borrowing Latches   :  No
  Borrow Time for Max Delay Exceptions       :  Yes
  Merge Timing Exceptions                    :  Yes

  Corner  Analyze    Analyze    
  Name    Max Paths  Min Paths  
  ------  ---------  ---------  
  Slow    Yes        Yes        
  Fast    Yes        Yes        


------------------------------------------------------------------------------------------------
| Report Methodology
| ------------------
------------------------------------------------------------------------------------------------

Rule       Severity          Description                  Violations  
---------  ----------------  ---------------------------  ----------  
TIMING-17  Critical Warning  Non-clocked sequential cell  17          

Note: This report is based on the most recent report_methodology run and may not be up-to-date. Run report_methodology on the current design for the latest report.



check_timing report

Table of Contents
-----------------
1. checking no_clock (17)
2. checking constant_clock (0)
3. checking pulse_width_clock (0)
4. checking unconstrained_internal_endpoints (33)
5. checking no_input_delay (1)
6. checking no_output_delay (2)
7. checking multiple_clock (0)
8. checking generated_clocks (0)
9. checking loops (0)
10. checking partial_input_delay (0)
11. checking partial_output_delay (0)
12. checking latch_loops (0)

1. checking no_clock (17)
-------------------------
 There are 17 register/latch pins with no clock driven by root clock pin: count_reg[1]/Q (HIGH)


2. checking constant_clock (0)
------------------------------
 There are 0 register/latch pins with constant_clock.


3. checking pulse_width_clock (0)
---------------------------------
 There are 0 register/latch pins which need pulse_width check


4. checking unconstrained_internal_endpoints (33)
-------------------------------------------------
 There are 33 pins that are not constrained for maximum delay. (HIGH)

 There are 0 pins that are not constrained for maximum delay due to constant clock.


5. checking no_input_delay (1)
------------------------------
 There is 1 input port with no input delay specified. (HIGH)

 There are 0 input ports with no input delay but user has a false path constraint.


6. checking no_output_delay (2)
-------------------------------
 There are 2 ports with no output delay specified. (HIGH)

 There are 0 ports with no output delay but user has a false path constraint

 There are 0 ports with no output delay but with a timing clock defined on it or propagating through it


7. checking multiple_clock (0)
------------------------------
 There are 0 register/latch pins with multiple clocks.


8. checking generated_clocks (0)
--------------------------------
 There are 0 generated clocks that are not connected to a clock source.


9. checking loops (0)
---------------------
 There are 0 combinational loops in the design.


10. checking partial_input_delay (0)
------------------------------------
 There are 0 input ports with partial input delay specified.


11. checking partial_output_delay (0)
-------------------------------------
 There are 0 ports with partial output delay specified.


12. checking latch_loops (0)
----------------------------
 There are 0 combinational latch loops in the design through latch input



------------------------------------------------------------------------------------------------
| Design Timing Summary
| ---------------------
------------------------------------------------------------------------------------------------

    WNS(ns)      TNS(ns)  TNS Failing Endpoints  TNS Total Endpoints      WHS(ns)      THS(ns)  THS Failing Endpoints  THS Total Endpoints     WPWS(ns)     TPWS(ns)  TPWS Failing Endpoints  TPWS Total Endpoints  
    -------      -------  ---------------------  -------------------      -------      -------  ---------------------  -------------------     --------     --------  ----------------------  --------------------  
      7.797        0.000                      0                    2        0.575        0.000                      0                    2        4.500        0.000                       0                     3  


All user specified timing constraints are met.


------------------------------------------------------------------------------------------------
| Clock Summary
| -------------
------------------------------------------------------------------------------------------------

Clock        Waveform(ns)       Period(ns)      Frequency(MHz)
-----        ------------       ----------      --------------
sys_clk_pin  {0.000 5.000}      10.000          100.000         


------------------------------------------------------------------------------------------------
| Intra Clock Table
| -----------------
------------------------------------------------------------------------------------------------

Clock             WNS(ns)      TNS(ns)  TNS Failing Endpoints  TNS Total Endpoints      WHS(ns)      THS(ns)  THS Failing Endpoints  THS Total Endpoints     WPWS(ns)     TPWS(ns)  TPWS Failing Endpoints  TPWS Total Endpoints  
-----             -------      -------  ---------------------  -------------------      -------      -------  ---------------------  -------------------     --------     --------  ----------------------  --------------------  
sys_clk_pin         7.797        0.000                      0                    2        0.575        0.000                      0                    2        4.500        0.000                       0                     3  


------------------------------------------------------------------------------------------------
| Inter Clock Table
| -----------------
------------------------------------------------------------------------------------------------

From Clock    To Clock          WNS(ns)      TNS(ns)  TNS Failing Endpoints  TNS Total Endpoints      WHS(ns)      THS(ns)  THS Failing Endpoints  THS Total Endpoints  
----------    --------          -------      -------  ---------------------  -------------------      -------      -------  ---------------------  -------------------  


------------------------------------------------------------------------------------------------
| Other Path Groups Table
| -----------------------
------------------------------------------------------------------------------------------------

Path Group    From Clock    To Clock          WNS(ns)      TNS(ns)  TNS Failing Endpoints  TNS Total Endpoints      WHS(ns)      THS(ns)  THS Failing Endpoints  THS Total Endpoints  
----------    ----------    --------          -------      -------  ---------------------  -------------------      -------      -------  ---------------------  -------------------  


------------------------------------------------------------------------------------------------
| Timing Details
| --------------
------------------------------------------------------------------------------------------------


---------------------------------------------------------------------------------------------------
From Clock:  sys_clk_pin
  To Clock:  sys_clk_pin

Setup :            0  Failing Endpoints,  Worst Slack        7.797ns,  Total Violation        0.000ns
Hold  :            0  Failing Endpoints,  Worst Slack        0.575ns,  Total Violation        0.000ns
PW    :            0  Failing Endpoints,  Worst Slack        4.500ns,  Total Violation        0.000ns
---------------------------------------------------------------------------------------------------


Max Delay Paths
--------------------------------------------------------------------------------------
Slack (MET) :             7.797ns  (required time - arrival time)
  Source:                 count_reg[0]/C
                            (rising edge-triggered cell FDRE clocked by sys_clk_pin  {rise@0.000ns fall@5.000ns period=10.000ns})
  Destination:            count_reg[0]/D
                            (rising edge-triggered cell FDRE clocked by sys_clk_pin  {rise@0.000ns fall@5.000ns period=10.000ns})
  Path Group:             sys_clk_pin
  Path Type:              Setup (Max at Slow Process Corner)
  Requirement:            10.000ns  (sys_clk_pin rise@10.000ns - sys_clk_pin rise@0.000ns)
  Data Path Delay:        2.197ns  (logic 0.580ns (26.405%)  route 1.617ns (73.595%))
  Logic Levels:           1  (LUT1=1)
  Clock Path Skew:        0.000ns (DCD - SCD + CPR)
    Destination Clock Delay (DCD):    4.839ns = ( 14.839 - 10.000 ) 
    Source Clock Delay      (SCD):    5.134ns
    Clock Pessimism Removal (CPR):    0.295ns
  Clock Uncertainty:      0.035ns  ((TSJ^2 + TIJ^2)^1/2 + DJ) / 2 + PE
    Total System Jitter     (TSJ):    0.071ns
    Total Input Jitter      (TIJ):    0.000ns
    Discrete Jitter          (DJ):    0.000ns
    Phase Error              (PE):    0.000ns

    Location             Delay type                Incr(ns)  Path(ns)    Netlist Resource(s)
  -------------------------------------------------------------------    -------------------
                         (clock sys_clk_pin rise edge)
                                                      0.000     0.000 r  
    W5                                                0.000     0.000 r  CLK100M (IN)
                         net (fo=0)                   0.000     0.000    CLK100M
    W5                   IBUF (Prop_ibuf_I_O)         1.458     1.458 r  CLK100M_IBUF_inst/O
                         net (fo=1, routed)           1.967     3.425    CLK100M_IBUF
    BUFGCTRL_X0Y0        BUFG (Prop_bufg_I_O)         0.096     3.521 r  CLK100M_IBUF_BUFG_inst/O
                         net (fo=2, routed)           1.613     5.134    CLK100M_IBUF_BUFG
    SLICE_X1Y70          FDRE                                         r  count_reg[0]/C
  -------------------------------------------------------------------    -------------------
    SLICE_X1Y70          FDRE (Prop_fdre_C_Q)         0.456     5.590 f  count_reg[0]/Q
                         net (fo=2, routed)           1.617     7.206    count_reg_n_0_[0]
    SLICE_X1Y70          LUT1 (Prop_lut1_I0_O)        0.124     7.330 r  count[0]_i_1__0/O
                         net (fo=1, routed)           0.000     7.330    p_0_in[0]
    SLICE_X1Y70          FDRE                                         r  count_reg[0]/D
  -------------------------------------------------------------------    -------------------

                         (clock sys_clk_pin rise edge)
                                                     10.000    10.000 r  
    W5                                                0.000    10.000 r  CLK100M (IN)
                         net (fo=0)                   0.000    10.000    CLK100M
    W5                   IBUF (Prop_ibuf_I_O)         1.388    11.388 r  CLK100M_IBUF_inst/O
                         net (fo=1, routed)           1.862    13.250    CLK100M_IBUF
    BUFGCTRL_X0Y0        BUFG (Prop_bufg_I_O)         0.091    13.341 r  CLK100M_IBUF_BUFG_inst/O
                         net (fo=2, routed)           1.498    14.839    CLK100M_IBUF_BUFG
    SLICE_X1Y70          FDRE                                         r  count_reg[0]/C
                         clock pessimism              0.295    15.134    
                         clock uncertainty           -0.035    15.099    
    SLICE_X1Y70          FDRE (Setup_fdre_C_D)        0.029    15.128    count_reg[0]
  -------------------------------------------------------------------
                         required time                         15.128    
                         arrival time                          -7.330    
  -------------------------------------------------------------------
                         slack                                  7.797    

Slack (MET) :             7.815ns  (required time - arrival time)
  Source:                 count_reg[0]/C
                            (rising edge-triggered cell FDRE clocked by sys_clk_pin  {rise@0.000ns fall@5.000ns period=10.000ns})
  Destination:            count_reg[1]/D
                            (rising edge-triggered cell FDRE clocked by sys_clk_pin  {rise@0.000ns fall@5.000ns period=10.000ns})
  Path Group:             sys_clk_pin
  Path Type:              Setup (Max at Slow Process Corner)
  Requirement:            10.000ns  (sys_clk_pin rise@10.000ns - sys_clk_pin rise@0.000ns)
  Data Path Delay:        2.225ns  (logic 0.608ns (27.332%)  route 1.617ns (72.668%))
  Logic Levels:           1  (LUT2=1)
  Clock Path Skew:        0.000ns (DCD - SCD + CPR)
    Destination Clock Delay (DCD):    4.839ns = ( 14.839 - 10.000 ) 
    Source Clock Delay      (SCD):    5.134ns
    Clock Pessimism Removal (CPR):    0.295ns
  Clock Uncertainty:      0.035ns  ((TSJ^2 + TIJ^2)^1/2 + DJ) / 2 + PE
    Total System Jitter     (TSJ):    0.071ns
    Total Input Jitter      (TIJ):    0.000ns
    Discrete Jitter          (DJ):    0.000ns
    Phase Error              (PE):    0.000ns

    Location             Delay type                Incr(ns)  Path(ns)    Netlist Resource(s)
  -------------------------------------------------------------------    -------------------
                         (clock sys_clk_pin rise edge)
                                                      0.000     0.000 r  
    W5                                                0.000     0.000 r  CLK100M (IN)
                         net (fo=0)                   0.000     0.000    CLK100M
    W5                   IBUF (Prop_ibuf_I_O)         1.458     1.458 r  CLK100M_IBUF_inst/O
                         net (fo=1, routed)           1.967     3.425    CLK100M_IBUF
    BUFGCTRL_X0Y0        BUFG (Prop_bufg_I_O)         0.096     3.521 r  CLK100M_IBUF_BUFG_inst/O
                         net (fo=2, routed)           1.613     5.134    CLK100M_IBUF_BUFG
    SLICE_X1Y70          FDRE                                         r  count_reg[0]/C
  -------------------------------------------------------------------    -------------------
    SLICE_X1Y70          FDRE (Prop_fdre_C_Q)         0.456     5.590 r  count_reg[0]/Q
                         net (fo=2, routed)           1.617     7.206    count_reg_n_0_[0]
    SLICE_X1Y70          LUT2 (Prop_lut2_I0_O)        0.152     7.358 r  count[1]_i_1/O
                         net (fo=1, routed)           0.000     7.358    p_0_in[1]
    SLICE_X1Y70          FDRE                                         r  count_reg[1]/D
  -------------------------------------------------------------------    -------------------

                         (clock sys_clk_pin rise edge)
                                                     10.000    10.000 r  
    W5                                                0.000    10.000 r  CLK100M (IN)
                         net (fo=0)                   0.000    10.000    CLK100M
    W5                   IBUF (Prop_ibuf_I_O)         1.388    11.388 r  CLK100M_IBUF_inst/O
                         net (fo=1, routed)           1.862    13.250    CLK100M_IBUF
    BUFGCTRL_X0Y0        BUFG (Prop_bufg_I_O)         0.091    13.341 r  CLK100M_IBUF_BUFG_inst/O
                         net (fo=2, routed)           1.498    14.839    CLK100M_IBUF_BUFG
    SLICE_X1Y70          FDRE                                         r  count_reg[1]/C
                         clock pessimism              0.295    15.134    
                         clock uncertainty           -0.035    15.099    
    SLICE_X1Y70          FDRE (Setup_fdre_C_D)        0.075    15.174    count_reg[1]
  -------------------------------------------------------------------
                         required time                         15.174    
                         arrival time                          -7.358    
  -------------------------------------------------------------------
                         slack                                  7.815    





Min Delay Paths
--------------------------------------------------------------------------------------
Slack (MET) :             0.575ns  (arrival time - required time)
  Source:                 count_reg[1]/C
                            (rising edge-triggered cell FDRE clocked by sys_clk_pin  {rise@0.000ns fall@5.000ns period=10.000ns})
  Destination:            count_reg[1]/D
                            (rising edge-triggered cell FDRE clocked by sys_clk_pin  {rise@0.000ns fall@5.000ns period=10.000ns})
  Path Group:             sys_clk_pin
  Path Type:              Hold (Min at Fast Process Corner)
  Requirement:            0.000ns  (sys_clk_pin rise@0.000ns - sys_clk_pin rise@0.000ns)
  Data Path Delay:        0.682ns  (logic 0.230ns (33.700%)  route 0.452ns (66.300%))
  Logic Levels:           1  (LUT2=1)
  Clock Path Skew:        0.000ns (DCD - SCD - CPR)
    Destination Clock Delay (DCD):    1.980ns
    Source Clock Delay      (SCD):    1.467ns
    Clock Pessimism Removal (CPR):    0.513ns

    Location             Delay type                Incr(ns)  Path(ns)    Netlist Resource(s)
  -------------------------------------------------------------------    -------------------
                         (clock sys_clk_pin rise edge)
                                                      0.000     0.000 r  
    W5                                                0.000     0.000 r  CLK100M (IN)
                         net (fo=0)                   0.000     0.000    CLK100M
    W5                   IBUF (Prop_ibuf_I_O)         0.226     0.226 r  CLK100M_IBUF_inst/O
                         net (fo=1, routed)           0.631     0.858    CLK100M_IBUF
    BUFGCTRL_X0Y0        BUFG (Prop_bufg_I_O)         0.026     0.884 r  CLK100M_IBUF_BUFG_inst/O
                         net (fo=2, routed)           0.584     1.467    CLK100M_IBUF_BUFG
    SLICE_X1Y70          FDRE                                         r  count_reg[1]/C
  -------------------------------------------------------------------    -------------------
    SLICE_X1Y70          FDRE (Prop_fdre_C_Q)         0.128     1.595 r  count_reg[1]/Q
                         net (fo=18, routed)          0.452     2.048    CLK
    SLICE_X1Y70          LUT2 (Prop_lut2_I1_O)        0.102     2.150 r  count[1]_i_1/O
                         net (fo=1, routed)           0.000     2.150    p_0_in[1]
    SLICE_X1Y70          FDRE                                         r  count_reg[1]/D
  -------------------------------------------------------------------    -------------------

                         (clock sys_clk_pin rise edge)
                                                      0.000     0.000 r  
    W5                                                0.000     0.000 r  CLK100M (IN)
                         net (fo=0)                   0.000     0.000    CLK100M
    W5                   IBUF (Prop_ibuf_I_O)         0.414     0.414 r  CLK100M_IBUF_inst/O
                         net (fo=1, routed)           0.685     1.099    CLK100M_IBUF
    BUFGCTRL_X0Y0        BUFG (Prop_bufg_I_O)         0.029     1.128 r  CLK100M_IBUF_BUFG_inst/O
                         net (fo=2, routed)           0.852     1.980    CLK100M_IBUF_BUFG
    SLICE_X1Y70          FDRE                                         r  count_reg[1]/C
                         clock pessimism             -0.513     1.467    
    SLICE_X1Y70          FDRE (Hold_fdre_C_D)         0.107     1.574    count_reg[1]
  -------------------------------------------------------------------
                         required time                         -1.574    
                         arrival time                           2.150    
  -------------------------------------------------------------------
                         slack                                  0.575    

Slack (MET) :             0.721ns  (arrival time - required time)
  Source:                 count_reg[0]/C
                            (rising edge-triggered cell FDRE clocked by sys_clk_pin  {rise@0.000ns fall@5.000ns period=10.000ns})
  Destination:            count_reg[0]/D
                            (rising edge-triggered cell FDRE clocked by sys_clk_pin  {rise@0.000ns fall@5.000ns period=10.000ns})
  Path Group:             sys_clk_pin
  Path Type:              Hold (Min at Fast Process Corner)
  Requirement:            0.000ns  (sys_clk_pin rise@0.000ns - sys_clk_pin rise@0.000ns)
  Data Path Delay:        0.812ns  (logic 0.186ns (22.920%)  route 0.626ns (77.080%))
  Logic Levels:           1  (LUT1=1)
  Clock Path Skew:        0.000ns (DCD - SCD - CPR)
    Destination Clock Delay (DCD):    1.980ns
    Source Clock Delay      (SCD):    1.467ns
    Clock Pessimism Removal (CPR):    0.513ns

    Location             Delay type                Incr(ns)  Path(ns)    Netlist Resource(s)
  -------------------------------------------------------------------    -------------------
                         (clock sys_clk_pin rise edge)
                                                      0.000     0.000 r  
    W5                                                0.000     0.000 r  CLK100M (IN)
                         net (fo=0)                   0.000     0.000    CLK100M
    W5                   IBUF (Prop_ibuf_I_O)         0.226     0.226 r  CLK100M_IBUF_inst/O
                         net (fo=1, routed)           0.631     0.858    CLK100M_IBUF
    BUFGCTRL_X0Y0        BUFG (Prop_bufg_I_O)         0.026     0.884 r  CLK100M_IBUF_BUFG_inst/O
                         net (fo=2, routed)           0.584     1.467    CLK100M_IBUF_BUFG
    SLICE_X1Y70          FDRE                                         r  count_reg[0]/C
  -------------------------------------------------------------------    -------------------
    SLICE_X1Y70          FDRE (Prop_fdre_C_Q)         0.141     1.608 f  count_reg[0]/Q
                         net (fo=2, routed)           0.626     2.234    count_reg_n_0_[0]
    SLICE_X1Y70          LUT1 (Prop_lut1_I0_O)        0.045     2.279 r  count[0]_i_1__0/O
                         net (fo=1, routed)           0.000     2.279    p_0_in[0]
    SLICE_X1Y70          FDRE                                         r  count_reg[0]/D
  -------------------------------------------------------------------    -------------------

                         (clock sys_clk_pin rise edge)
                                                      0.000     0.000 r  
    W5                                                0.000     0.000 r  CLK100M (IN)
                         net (fo=0)                   0.000     0.000    CLK100M
    W5                   IBUF (Prop_ibuf_I_O)         0.414     0.414 r  CLK100M_IBUF_inst/O
                         net (fo=1, routed)           0.685     1.099    CLK100M_IBUF
    BUFGCTRL_X0Y0        BUFG (Prop_bufg_I_O)         0.029     1.128 r  CLK100M_IBUF_BUFG_inst/O
                         net (fo=2, routed)           0.852     1.980    CLK100M_IBUF_BUFG
    SLICE_X1Y70          FDRE                                         r  count_reg[0]/C
                         clock pessimism             -0.513     1.467    
    SLICE_X1Y70          FDRE (Hold_fdre_C_D)         0.091     1.558    count_reg[0]
  -------------------------------------------------------------------
                         required time                         -1.558    
                         arrival time                           2.279    
  -------------------------------------------------------------------
                         slack                                  0.721    





Pulse Width Checks
--------------------------------------------------------------------------------------
Clock Name:         sys_clk_pin
Waveform(ns):       { 0.000 5.000 }
Period(ns):         10.000
Sources:            { CLK100M }

Check Type        Corner  Lib Pin  Reference Pin  Required(ns)  Actual(ns)  Slack(ns)  Location       Pin
Min Period        n/a     BUFG/I   n/a            2.155         10.000      7.845      BUFGCTRL_X0Y0  CLK100M_IBUF_BUFG_inst/I
Min Period        n/a     FDRE/C   n/a            1.000         10.000      9.000      SLICE_X1Y70    count_reg[0]/C
Min Period        n/a     FDRE/C   n/a            1.000         10.000      9.000      SLICE_X1Y70    count_reg[1]/C
Low Pulse Width   Slow    FDRE/C   n/a            0.500         5.000       4.500      SLICE_X1Y70    count_reg[0]/C
Low Pulse Width   Fast    FDRE/C   n/a            0.500         5.000       4.500      SLICE_X1Y70    count_reg[0]/C
Low Pulse Width   Slow    FDRE/C   n/a            0.500         5.000       4.500      SLICE_X1Y70    count_reg[1]/C
Low Pulse Width   Fast    FDRE/C   n/a            0.500         5.000       4.500      SLICE_X1Y70    count_reg[1]/C
High Pulse Width  Slow    FDRE/C   n/a            0.500         5.000       4.500      SLICE_X1Y70    count_reg[0]/C
High Pulse Width  Fast    FDRE/C   n/a            0.500         5.000       4.500      SLICE_X1Y70    count_reg[0]/C
High Pulse Width  Slow    FDRE/C   n/a            0.500         5.000       4.500      SLICE_X1Y70    count_reg[1]/C
High Pulse Width  Fast    FDRE/C   n/a            0.500         5.000       4.500      SLICE_X1Y70    count_reg[1]/C



